<?xml version="1.0" encoding="UTF-8"?>
<!-- Generated by org.testng.reporters.JUnitReportReporter -->
<testsuite skipped="0" hostname="LAPTOP-OCQSVSUR" name="test.LoginTest" tests="1" failures="0" timestamp="2020-05-23T13:25:21 CDT" time="7.845" errors="0">
  <testcase name="loginTest" time="7.845" classname="test.LoginTest"/>
  <system-out/>
</testsuite> <!-- test.LoginTest -->
