<?xml version="1.0" encoding="UTF-8"?>
<!-- Generated by org.testng.reporters.JUnitReportReporter -->
<testsuite skipped="0" hostname="DESKTOP-NMH8UGV" name="test.AddContactsTestExcel" tests="2" failures="0" timestamp="2020-07-24T19:30:59 CDT" time="9.892" errors="0">
  <testcase name="loginTest" time="2.223" classname="test.AddContactsTestExcel"/>
  <system-out/>
  <testcase name="addContact" time="7.669" classname="test.AddContactsTestExcel"/>
  <system-out/>
</testsuite> <!-- test.AddContactsTestExcel -->
